<?xml version="1.0" encoding="UTF-8"?>
<testng-results ignored="0" total="1" passed="1" failed="0" skipped="0">
  <reporter-output>
  </reporter-output>
  <suite started-at="2024-10-05T00:30:10 IST" name="Suite" finished-at="2024-10-05T00:30:11 IST" duration-ms="959">
    <groups>
    </groups>
    <test started-at="2024-10-05T00:30:10 IST" name="Test" finished-at="2024-10-05T00:30:11 IST" duration-ms="959">
      <class name="screens.Search">
        <test-method signature="searchGoogle()[pri:0, instance:screens.Search@183ec003]" started-at="2024-10-05T00:30:10 IST" name="searchGoogle" finished-at="2024-10-05T00:30:11 IST" duration-ms="766" status="PASS">
          <reporter-output>
          </reporter-output>
        </test-method> <!-- searchGoogle -->
      </class> <!-- screens.Search -->
      <class name="base.BaseClass">
        <test-method is-config="true" signature="setUp()[pri:0, instance:base.BaseClass@6fa51cd4]" started-at="2024-10-05T00:30:04 IST" name="setUp" finished-at="2024-10-05T00:30:10 IST" duration-ms="5623" status="PASS">
          <reporter-output>
          </reporter-output>
        </test-method> <!-- setUp -->
        <test-method is-config="true" signature="tearDown()[pri:0, instance:base.BaseClass@6fa51cd4]" started-at="2024-10-05T00:30:11 IST" name="tearDown" finished-at="2024-10-05T00:30:18 IST" duration-ms="6993" status="PASS">
          <reporter-output>
          </reporter-output>
        </test-method> <!-- tearDown -->
      </class> <!-- base.BaseClass -->
    </test> <!-- Test -->
  </suite> <!-- Suite -->
</testng-results>
