<?xml version="1.0" encoding="UTF-8"?>
<testng-results ignored="0" total="1" passed="1" failed="0" skipped="0">
  <reporter-output>
  </reporter-output>
  <suite started-at="2024-10-05T13:25:14 IST" name="Default suite" finished-at="2024-10-05T13:25:14 IST" duration-ms="705">
    <groups>
    </groups>
    <test started-at="2024-10-05T13:25:14 IST" name="Default test" finished-at="2024-10-05T13:25:14 IST" duration-ms="705">
      <class name="screens.Search">
        <test-method is-config="true" signature="setUp()[pri:0, instance:screens.Search@798162bc]" started-at="2024-10-05T13:25:07 IST" name="setUp" finished-at="2024-10-05T13:25:14 IST" duration-ms="6532" status="PASS">
          <reporter-output>
          </reporter-output>
        </test-method> <!-- setUp -->
        <test-method signature="searchGoogle()[pri:0, instance:screens.Search@798162bc]" started-at="2024-10-05T13:25:14 IST" name="searchGoogle" description="SearchGoogle method" finished-at="2024-10-05T13:25:14 IST" duration-ms="536" status="PASS">
          <reporter-output>
          </reporter-output>
        </test-method> <!-- searchGoogle -->
        <test-method is-config="true" signature="tearDown()[pri:0, instance:screens.Search@798162bc]" started-at="2024-10-05T13:25:15 IST" name="tearDown" finished-at="2024-10-05T13:25:20 IST" duration-ms="5355" status="PASS">
          <reporter-output>
          </reporter-output>
        </test-method> <!-- tearDown -->
      </class> <!-- screens.Search -->
    </test> <!-- Default test -->
  </suite> <!-- Default suite -->
</testng-results>
